[ 2015-11-09T20:57:52+08:00 ] 192.168.1.112 /index.php/Goods/edit/id/5.html
INFO: [ app_init ] --START--
INFO: Run Behavior\BuildLiteBehavior [ RunTime:0.000046s ]
INFO: [ app_init ] --END-- [ RunTime:0.014690s ]
INFO: [ app_begin ] --START--
INFO: Run Behavior\ReadHtmlCacheBehavior [ RunTime:0.023361s ]
INFO: [ app_begin ] --END-- [ RunTime:0.023500s ]
NOTIC: [2048] Declaration of Admin\Model\GoodsModel::add() should be compatible with Think\Model::add($data = '', $options = Array, $replace = false) /home/www/shop/admin.shop.com/Application/Admin/Model/GoodsModel.class.php 第 7 行.
NOTIC: [2048] Declaration of Admin\Model\GoodsModel::save() should be compatible with Think\Model::save($data = '', $options = Array) /home/www/shop/admin.shop.com/Application/Admin/Model/GoodsModel.class.php 第 7 行.
SQL: SHOW COLUMNS FROM `goods` [ RunTime:0.7228s ]
SQL: SELECT * FROM `goods` WHERE `id` = 5 LIMIT 1   [ RunTime:0.0685s ]
NOTIC: [2048] Declaration of Admin\Model\GoodsCategoryModel::add() should be compatible with Think\Model::add($data = '', $options = Array, $replace = false) /home/www/shop/admin.shop.com/Application/Admin/Model/GoodsCategoryModel.class.php 第 92 行.
NOTIC: [2048] Declaration of Admin\Model\GoodsCategoryModel::save() should be compatible with Think\Model::save($data = '', $options = Array) /home/www/shop/admin.shop.com/Application/Admin/Model/GoodsCategoryModel.class.php 第 92 行.
SQL: SHOW COLUMNS FROM `goods_category` [ RunTime:0.0113s ]
SQL: SELECT * FROM `goods_category` WHERE ( status>=0 ) ORDER BY lft  [ RunTime:0.0135s ]
SQL: SHOW COLUMNS FROM `brand` [ RunTime:0.0016s ]
SQL: SELECT * FROM `brand` WHERE `status` = 1 ORDER BY sort  [ RunTime:0.0172s ]
NOTIC: [8] Use of undefined constant unique - assumed 'unique' /home/www/shop/ThinkPHP/Common/functions.php 第 656 行.
SQL: SHOW COLUMNS FROM `supplier` [ RunTime:0.0152s ]
SQL: SELECT * FROM `supplier` WHERE `status` = 1 ORDER BY sort  [ RunTime:0.1539s ]
SQL: SHOW COLUMNS FROM `goods_intro` [ RunTime:0.0315s ]
SQL: SELECT `intro` FROM `goods_intro` WHERE `goods_id` = 5 LIMIT 1   [ RunTime:0.0298s ]
SQL: SHOW COLUMNS FROM `goods_gallery` [ RunTime:0.0031s ]
SQL: SELECT `id`,`path` FROM `goods_gallery` WHERE `goods_id` = 5  [ RunTime:0.0015s ]
SQL: SHOW COLUMNS FROM `goods_article` [ RunTime:0.0013s ]
SQL: SELECT a.id,a.name FROM goods_article AS ga JOIN article AS a ON ga.article_id=a.id WHERE goods_id =5 [ RunTime:0.0312s ]
INFO: [ view_parse ] --START--
INFO: [ template_filter ] --START--
INFO: Run Behavior\ContentReplaceBehavior [ RunTime:0.023257s ]
INFO: [ template_filter ] --END-- [ RunTime:0.023567s ]
INFO: Run Behavior\ParseTemplateBehavior [ RunTime:0.133981s ]
INFO: [ view_parse ] --END-- [ RunTime:0.134255s ]
INFO: [ view_filter ] --START--
INFO: Run Behavior\WriteHtmlCacheBehavior [ RunTime:0.000430s ]
INFO: [ view_filter ] --END-- [ RunTime:0.000651s ]
INFO: [ app_end ] --START--
INFO: Run Behavior\ShowPageTraceBehavior [ RunTime:0.000985s ]
INFO: [ app_end ] --END-- [ RunTime:0.001094s ]

[ 2015-11-09T20:57:56+08:00 ] 192.168.1.112 /index.php/Goods/index.html
INFO: [ app_init ] --START--
INFO: Run Behavior\BuildLiteBehavior [ RunTime:0.000025s ]
INFO: [ app_init ] --END-- [ RunTime:0.000146s ]
INFO: [ app_begin ] --START--
INFO: Run Behavior\ReadHtmlCacheBehavior [ RunTime:0.001632s ]
INFO: [ app_begin ] --END-- [ RunTime:0.001870s ]
NOTIC: [2048] Declaration of Admin\Model\GoodsModel::add() should be compatible with Think\Model::add($data = '', $options = Array, $replace = false) /home/www/shop/admin.shop.com/Application/Admin/Model/GoodsModel.class.php 第 7 行.
NOTIC: [2048] Declaration of Admin\Model\GoodsModel::save() should be compatible with Think\Model::save($data = '', $options = Array) /home/www/shop/admin.shop.com/Application/Admin/Model/GoodsModel.class.php 第 7 行.
SQL: SHOW COLUMNS FROM `goods` [ RunTime:0.0019s ]
SQL: SELECT COUNT(*) AS tp_count FROM `goods` WHERE `status` <> -1 LIMIT 1   [ RunTime:0.0014s ]
SQL: SELECT * FROM `goods` WHERE `status` <> -1 LIMIT 0,5   [ RunTime:0.0016s ]
INFO: [ view_parse ] --START--
INFO: [ template_filter ] --START--
INFO: Run Behavior\ContentReplaceBehavior [ RunTime:0.000215s ]
INFO: [ template_filter ] --END-- [ RunTime:0.000340s ]
INFO: Run Behavior\ParseTemplateBehavior [ RunTime:0.077732s ]
INFO: [ view_parse ] --END-- [ RunTime:0.077888s ]
INFO: [ view_filter ] --START--
INFO: Run Behavior\WriteHtmlCacheBehavior [ RunTime:0.000299s ]
INFO: [ view_filter ] --END-- [ RunTime:0.000390s ]
INFO: [ app_end ] --START--
INFO: Run Behavior\ShowPageTraceBehavior [ RunTime:0.003181s ]
INFO: [ app_end ] --END-- [ RunTime:0.003340s ]

