[ 2015-11-06T20:10:06+08:00 ] 192.168.1.121 /index.php/GoodsCategory
INFO: [ app_init ] --START--
INFO: Run Behavior\BuildLiteBehavior [ RunTime:0.000127s ]
INFO: [ app_init ] --END-- [ RunTime:0.003559s ]
INFO: [ app_begin ] --START--
INFO: Run Behavior\ReadHtmlCacheBehavior [ RunTime:0.001691s ]
INFO: [ app_begin ] --END-- [ RunTime:0.001906s ]
SQL: SHOW COLUMNS FROM `goods_category` [ RunTime:0.0330s ]
SQL: SELECT COUNT(*) AS tp_count FROM `goods_category` WHERE `status` <> -1 LIMIT 1   [ RunTime:0.0007s ]
SQL: SELECT * FROM `goods_category` WHERE `status` <> -1 LIMIT 0,5   [ RunTime:0.0023s ]
INFO: [ view_parse ] --START--
INFO: [ template_filter ] --START--
INFO: Run Behavior\ContentReplaceBehavior [ RunTime:0.005020s ]
INFO: [ template_filter ] --END-- [ RunTime:0.005254s ]
INFO: Run Behavior\ParseTemplateBehavior [ RunTime:0.087624s ]
INFO: [ view_parse ] --END-- [ RunTime:0.088060s ]
INFO: [ view_filter ] --START--
INFO: Run Behavior\WriteHtmlCacheBehavior [ RunTime:0.000504s ]
INFO: [ view_filter ] --END-- [ RunTime:0.000635s ]
INFO: [ app_end ] --START--
INFO: Run Behavior\ShowPageTraceBehavior [ RunTime:0.001117s ]
INFO: [ app_end ] --END-- [ RunTime:0.001253s ]

[ 2015-11-06T20:44:04+08:00 ] 192.168.1.121 /index.php/GoodsCategory
INFO: [ app_init ] --START--
INFO: Run Behavior\BuildLiteBehavior [ RunTime:0.000036s ]
INFO: [ app_init ] --END-- [ RunTime:0.001091s ]
INFO: [ app_begin ] --START--
INFO: Run Behavior\ReadHtmlCacheBehavior [ RunTime:0.001070s ]
INFO: [ app_begin ] --END-- [ RunTime:0.001209s ]
SQL: SHOW COLUMNS FROM `goods_category` [ RunTime:0.2531s ]
SQL: SELECT * FROM `goods_category` ORDER BY lft  [ RunTime:0.1063s ]
INFO: [ view_parse ] --START--
INFO: [ template_filter ] --START--
INFO: Run Behavior\ContentReplaceBehavior [ RunTime:0.000557s ]
INFO: [ template_filter ] --END-- [ RunTime:0.001082s ]
INFO: Run Behavior\ParseTemplateBehavior [ RunTime:0.044864s ]
INFO: [ view_parse ] --END-- [ RunTime:0.045000s ]
INFO: [ view_filter ] --START--
INFO: Run Behavior\WriteHtmlCacheBehavior [ RunTime:0.000419s ]
INFO: [ view_filter ] --END-- [ RunTime:0.000516s ]
INFO: [ app_end ] --START--
INFO: Run Behavior\ShowPageTraceBehavior [ RunTime:0.001905s ]
INFO: [ app_end ] --END-- [ RunTime:0.002290s ]

[ 2015-11-06T20:44:11+08:00 ] 192.168.1.121 /index.php/GoodsCategory
INFO: [ app_init ] --START--
INFO: Run Behavior\BuildLiteBehavior [ RunTime:0.000033s ]
INFO: [ app_init ] --END-- [ RunTime:0.000767s ]
INFO: [ app_begin ] --START--
INFO: Run Behavior\ReadHtmlCacheBehavior [ RunTime:0.001186s ]
INFO: [ app_begin ] --END-- [ RunTime:0.001336s ]
SQL: SHOW COLUMNS FROM `goods_category` [ RunTime:0.0015s ]
SQL: SELECT * FROM `goods_category` ORDER BY lft  [ RunTime:0.0008s ]
INFO: [ view_parse ] --START--
INFO: [ template_filter ] --START--
INFO: Run Behavior\ContentReplaceBehavior [ RunTime:0.000815s ]
INFO: [ template_filter ] --END-- [ RunTime:0.001003s ]
INFO: Run Behavior\ParseTemplateBehavior [ RunTime:0.051453s ]
INFO: [ view_parse ] --END-- [ RunTime:0.051886s ]
INFO: [ view_filter ] --START--
INFO: Run Behavior\WriteHtmlCacheBehavior [ RunTime:0.000389s ]
INFO: [ view_filter ] --END-- [ RunTime:0.000469s ]
INFO: [ app_end ] --START--
INFO: Run Behavior\ShowPageTraceBehavior [ RunTime:0.004147s ]
INFO: [ app_end ] --END-- [ RunTime:0.010610s ]

[ 2015-11-06T20:44:45+08:00 ] 192.168.1.121 /index.php/Gii
INFO: [ app_init ] --START--
INFO: Run Behavior\BuildLiteBehavior [ RunTime:0.000037s ]
INFO: [ app_init ] --END-- [ RunTime:0.000716s ]
INFO: [ app_begin ] --START--
INFO: Run Behavior\ReadHtmlCacheBehavior [ RunTime:0.002802s ]
INFO: [ app_begin ] --END-- [ RunTime:0.003092s ]
INFO: [ view_parse ] --START--
INFO: [ template_filter ] --START--
INFO: Run Behavior\ContentReplaceBehavior [ RunTime:0.000567s ]
INFO: [ template_filter ] --END-- [ RunTime:0.001089s ]
NOTIC: [8] Undefined variable: meta_title /home/www/admin.shop.com/Runtime/Cache/Admin/9d00acc306d04be6989cb4e837827ab5.php 第 5 行.
NOTIC: [8] Undefined variable: meta_title /home/www/admin.shop.com/Runtime/Cache/Admin/9d00acc306d04be6989cb4e837827ab5.php 第 16 行.
NOTIC: [8] Undefined variable: meta_title /home/www/admin.shop.com/Runtime/Cache/Admin/9d00acc306d04be6989cb4e837827ab5.php 第 18 行.
INFO: Run Behavior\ParseTemplateBehavior [ RunTime:0.018097s ]
INFO: [ view_parse ] --END-- [ RunTime:0.018413s ]
INFO: [ view_filter ] --START--
INFO: Run Behavior\WriteHtmlCacheBehavior [ RunTime:0.000349s ]
INFO: [ view_filter ] --END-- [ RunTime:0.000442s ]
INFO: [ app_end ] --START--
INFO: Run Behavior\ShowPageTraceBehavior [ RunTime:0.000893s ]
INFO: [ app_end ] --END-- [ RunTime:0.001017s ]

[ 2015-11-06T20:44:52+08:00 ] 192.168.1.121 /index.php/Gii/index.html
INFO: [ app_init ] --START--
INFO: Run Behavior\BuildLiteBehavior [ RunTime:0.000040s ]
INFO: [ app_init ] --END-- [ RunTime:0.000807s ]
INFO: [ app_begin ] --START--
INFO: Run Behavior\ReadHtmlCacheBehavior [ RunTime:0.001193s ]
INFO: [ app_begin ] --END-- [ RunTime:0.001393s ]
SQL: SELECT TABLE_COMMENT FROM information_schema.TABLES WHERE TABLE_SCHEMA='shop' AND TABLE_NAME='goods_category'; [ RunTime:0.0706s ]
NOTIC: [2] define() expects at least 2 parameters, 1 given /home/www/admin.shop.com/Application/Admin/Controller/GiiController.class.php 第 55 行.
SQL: show full columns from goods_category [ RunTime:0.0017s ]
NOTIC: [8] Undefined index: input_type /home/www/admin.shop.com/Template/edit.tpl 第 21 行.
NOTIC: [8] Undefined index: input_type /home/www/admin.shop.com/Template/edit.tpl 第 24 行.
NOTIC: [8] Undefined index: input_type /home/www/admin.shop.com/Template/edit.tpl 第 27 行.
NOTIC: [8] Undefined index: input_type /home/www/admin.shop.com/Template/edit.tpl 第 21 行.
NOTIC: [8] Undefined index: input_type /home/www/admin.shop.com/Template/edit.tpl 第 24 行.
NOTIC: [8] Undefined index: input_type /home/www/admin.shop.com/Template/edit.tpl 第 27 行.
NOTIC: [8] Undefined index: input_type /home/www/admin.shop.com/Template/edit.tpl 第 21 行.
NOTIC: [8] Undefined index: input_type /home/www/admin.shop.com/Template/edit.tpl 第 24 行.
NOTIC: [8] Undefined index: input_type /home/www/admin.shop.com/Template/edit.tpl 第 27 行.
NOTIC: [8] Undefined index: input_type /home/www/admin.shop.com/Template/edit.tpl 第 21 行.
NOTIC: [8] Undefined index: input_type /home/www/admin.shop.com/Template/edit.tpl 第 24 行.
NOTIC: [8] Undefined index: input_type /home/www/admin.shop.com/Template/edit.tpl 第 27 行.
NOTIC: [8] Undefined index: input_type /home/www/admin.shop.com/Template/edit.tpl 第 21 行.
NOTIC: [8] Undefined index: input_type /home/www/admin.shop.com/Template/edit.tpl 第 24 行.
NOTIC: [8] Undefined index: input_type /home/www/admin.shop.com/Template/edit.tpl 第 27 行.
NOTIC: [8] Undefined index: input_type /home/www/admin.shop.com/Template/edit.tpl 第 21 行.
NOTIC: [8] Undefined index: input_type /home/www/admin.shop.com/Template/edit.tpl 第 24 行.
NOTIC: [8] Undefined index: input_type /home/www/admin.shop.com/Template/edit.tpl 第 27 行.
INFO: [ view_parse ] --START--
INFO: [ template_filter ] --START--
INFO: Run Behavior\ContentReplaceBehavior [ RunTime:0.000105s ]
INFO: [ template_filter ] --END-- [ RunTime:0.000273s ]
INFO: Run Behavior\ParseTemplateBehavior [ RunTime:0.009749s ]
INFO: [ view_parse ] --END-- [ RunTime:0.009872s ]
INFO: [ view_filter ] --START--
INFO: Run Behavior\WriteHtmlCacheBehavior [ RunTime:0.000383s ]
INFO: [ view_filter ] --END-- [ RunTime:0.000493s ]
INFO: [ app_end ] --START--
INFO: Run Behavior\ShowPageTraceBehavior [ RunTime:0.002330s ]
INFO: [ app_end ] --END-- [ RunTime:0.002627s ]

[ 2015-11-06T20:44:53+08:00 ] 192.168.1.121 /index.php/Gii
INFO: [ app_init ] --START--
INFO: Run Behavior\BuildLiteBehavior [ RunTime:0.000047s ]
INFO: [ app_init ] --END-- [ RunTime:0.001270s ]
INFO: [ app_begin ] --START--
INFO: Run Behavior\ReadHtmlCacheBehavior [ RunTime:0.001122s ]
INFO: [ app_begin ] --END-- [ RunTime:0.017686s ]
INFO: [ view_parse ] --START--
INFO: [ template_filter ] --START--
INFO: Run Behavior\ContentReplaceBehavior [ RunTime:0.001803s ]
INFO: [ template_filter ] --END-- [ RunTime:0.002042s ]
NOTIC: [8] Undefined variable: meta_title /home/www/admin.shop.com/Runtime/Cache/Admin/9d00acc306d04be6989cb4e837827ab5.php 第 5 行.
NOTIC: [8] Undefined variable: meta_title /home/www/admin.shop.com/Runtime/Cache/Admin/9d00acc306d04be6989cb4e837827ab5.php 第 16 行.
NOTIC: [8] Undefined variable: meta_title /home/www/admin.shop.com/Runtime/Cache/Admin/9d00acc306d04be6989cb4e837827ab5.php 第 18 行.
INFO: Run Behavior\ParseTemplateBehavior [ RunTime:0.133244s ]
INFO: [ view_parse ] --END-- [ RunTime:0.133364s ]
INFO: [ view_filter ] --START--
INFO: Run Behavior\WriteHtmlCacheBehavior [ RunTime:0.001758s ]
INFO: [ view_filter ] --END-- [ RunTime:0.002169s ]
INFO: [ app_end ] --START--
INFO: Run Behavior\ShowPageTraceBehavior [ RunTime:0.003360s ]
INFO: [ app_end ] --END-- [ RunTime:0.003625s ]

[ 2015-11-06T20:44:59+08:00 ] 192.168.1.121 /index.php/GoodsCategory
INFO: [ app_init ] --START--
INFO: Run Behavior\BuildLiteBehavior [ RunTime:0.000032s ]
INFO: [ app_init ] --END-- [ RunTime:0.000859s ]
INFO: [ app_begin ] --START--
INFO: Run Behavior\ReadHtmlCacheBehavior [ RunTime:0.002082s ]
INFO: [ app_begin ] --END-- [ RunTime:0.002284s ]
SQL: SHOW COLUMNS FROM `goods_category` [ RunTime:0.0022s ]
SQL: SELECT COUNT(*) AS tp_count FROM `goods_category` WHERE `status` <> -1 LIMIT 1   [ RunTime:0.0010s ]
SQL: SELECT * FROM `goods_category` WHERE `status` <> -1 LIMIT 0,5   [ RunTime:0.0014s ]
INFO: [ view_parse ] --START--
INFO: [ template_filter ] --START--
INFO: Run Behavior\ContentReplaceBehavior [ RunTime:0.000169s ]
INFO: [ template_filter ] --END-- [ RunTime:0.000362s ]
INFO: Run Behavior\ParseTemplateBehavior [ RunTime:0.036237s ]
INFO: [ view_parse ] --END-- [ RunTime:0.036585s ]
INFO: [ view_filter ] --START--
INFO: Run Behavior\WriteHtmlCacheBehavior [ RunTime:0.003711s ]
INFO: [ view_filter ] --END-- [ RunTime:0.004394s ]
INFO: [ app_end ] --START--
INFO: Run Behavior\ShowPageTraceBehavior [ RunTime:0.002705s ]
INFO: [ app_end ] --END-- [ RunTime:0.002887s ]

